2026-01-29 16:38:48,712 [Worker-0: Loading available Gradle versions] INFO  o.e.b.c.i.u.g.PublishedGradleVersions - Gradle version information cache is not available. Remote download required.
2026-01-29 16:38:50,209 [Worker-4: Executing the early startup extensions] INFO  c.b.BrowserStackPluginActivator - Starting BrowserStack Plugin...
2026-01-29 16:39:11,430 [Worker-0: Importing Maven projects] INFO  o.e.m.c.i.l.LifecycleMappingFactory - Using org.eclipse.m2e.jdt.JarLifecycleMapping lifecycle mapping for MavenProject: FEEDBACK:FEEDBACK:0.0.1-SNAPSHOT @ C:\Users\cdac\Documents\PROJECT\ccst_project\FEEDBACK\pom.xml.
2026-01-29 16:39:12,895 [Worker-0: Importing Maven projects] INFO  o.e.m.j.i.AbstractJavaProjectConfigurator - Adding source folder /FEEDBACK/src/main/java
2026-01-29 16:39:12,898 [Worker-0: Importing Maven projects] INFO  o.e.m.j.i.AbstractJavaProjectConfigurator - Adding resource folder /FEEDBACK/src/main/resources
2026-01-29 16:39:12,899 [Worker-0: Importing Maven projects] INFO  o.e.m.j.i.AbstractJavaProjectConfigurator - Adding source folder /FEEDBACK/src/test/java
2026-01-29 16:39:12,901 [Worker-0: Importing Maven projects] INFO  o.e.m.j.i.AbstractJavaProjectConfigurator - Adding resource folder /FEEDBACK/src/test/resources
2026-01-29 16:39:13,293 [Worker-0: Importing Maven projects] INFO  o.e.m.c.i.p.ProjectConfigurationManager - Imported and configured 1 project(s) in 3 sec
2026-01-29 16:39:14,514 [Worker-8: Building] WARN  o.a.m.s.f.DefaultMavenResourcesFiltering - Using platform encoding (UTF-8 actually) to copy filtered resources, i.e. build is platform dependent!
2026-01-29 16:39:14,526 [Worker-8: Building] INFO  o.a.m.s.f.DefaultMavenResourcesFiltering - Copying 0 resource from src\main\resources to target\classes
2026-01-29 16:39:14,530 [Worker-8: Building] WARN  o.a.m.s.f.DefaultMavenResourcesFiltering - Using platform encoding (UTF-8 actually) to copy filtered resources, i.e. build is platform dependent!
2026-01-29 16:39:14,532 [Worker-8: Building] INFO  o.a.m.s.f.DefaultMavenResourcesFiltering - Copying 0 resource from src\test\resources to target\test-classes
2026-01-29 16:51:11,876 [main] INFO  c.b.a.BrowserStackPropertyTester - Testing : isBrowserStackEnabled
2026-01-29 16:51:11,878 [main] INFO  c.b.BrowserStackPluginActivator - Prefs Keys []
2026-01-29 16:51:11,883 [main] INFO  c.b.a.BrowserStackPropertyTester - Validation Result isBrowserStackEnabled : true P/FEEDBACK
2026-01-29 16:51:11,884 [main] INFO  c.b.a.BrowserStackPropertyTester - Testing : isBrowserStackDisabled
2026-01-29 16:51:11,885 [main] INFO  c.b.BrowserStackPluginActivator - Prefs Keys []
2026-01-29 16:51:11,887 [main] INFO  c.b.a.BrowserStackPropertyTester - Validation Result isBrowserStackDisabled : false P/FEEDBACK
2026-01-29 16:51:23,341 [main] INFO  c.b.a.BrowserStackPropertyTester - Testing : isBrowserStackEnabled
2026-01-29 16:51:23,341 [main] INFO  c.b.BrowserStackPluginActivator - Prefs Keys []
2026-01-29 16:51:23,344 [main] INFO  c.b.a.BrowserStackPropertyTester - Validation Result isBrowserStackEnabled : true P/FEEDBACK
2026-01-29 16:51:23,345 [main] INFO  c.b.a.BrowserStackPropertyTester - Testing : isBrowserStackDisabled
2026-01-29 16:51:23,345 [main] INFO  c.b.BrowserStackPluginActivator - Prefs Keys []
2026-01-29 16:51:23,347 [main] INFO  c.b.a.BrowserStackPropertyTester - Validation Result isBrowserStackDisabled : false P/FEEDBACK
2026-01-29 16:51:36,877 [Worker-16: Building] WARN  o.a.m.s.f.DefaultMavenResourcesFiltering - Using platform encoding (UTF-8 actually) to copy filtered resources, i.e. build is platform dependent!
2026-01-29 16:51:36,881 [Worker-16: Building] INFO  o.a.m.s.f.DefaultMavenResourcesFiltering - Copying 0 resource from src\main\resources to target\classes
2026-01-29 16:51:36,885 [Worker-16: Building] WARN  o.a.m.s.f.DefaultMavenResourcesFiltering - Using platform encoding (UTF-8 actually) to copy filtered resources, i.e. build is platform dependent!
2026-01-29 16:51:36,887 [Worker-16: Building] INFO  o.a.m.s.f.DefaultMavenResourcesFiltering - Copying 0 resource from src\test\resources to target\test-classes
2026-01-29 16:51:44,786 [main] INFO  c.b.a.BrowserStackPropertyTester - Testing : isBrowserStackEnabled
2026-01-29 16:51:44,787 [main] INFO  c.b.BrowserStackPluginActivator - Prefs Keys []
2026-01-29 16:51:44,789 [main] INFO  c.b.a.BrowserStackPropertyTester - Validation Result isBrowserStackEnabled : true P/FEEDBACK
2026-01-29 16:51:44,791 [main] INFO  c.b.a.BrowserStackPropertyTester - Testing : isBrowserStackDisabled
2026-01-29 16:51:44,791 [main] INFO  c.b.BrowserStackPluginActivator - Prefs Keys []
2026-01-29 16:51:44,794 [main] INFO  c.b.a.BrowserStackPropertyTester - Validation Result isBrowserStackDisabled : false P/FEEDBACK
2026-01-29 16:51:54,012 [main] INFO  c.b.a.BrowserStackPropertyTester - Testing : isBrowserStackEnabled
2026-01-29 16:51:54,012 [main] INFO  c.b.BrowserStackPluginActivator - Prefs Keys []
2026-01-29 16:51:54,014 [main] INFO  c.b.a.BrowserStackPropertyTester - Validation Result isBrowserStackEnabled : true P/FEEDBACK
2026-01-29 16:51:54,016 [main] INFO  c.b.a.BrowserStackPropertyTester - Testing : isBrowserStackDisabled
2026-01-29 16:51:54,016 [main] INFO  c.b.BrowserStackPluginActivator - Prefs Keys []
2026-01-29 16:51:54,019 [main] INFO  c.b.a.BrowserStackPropertyTester - Validation Result isBrowserStackDisabled : false P/FEEDBACK
2026-01-29 16:52:17,573 [Worker-10: Building] WARN  o.a.m.s.f.DefaultMavenResourcesFiltering - Using platform encoding (UTF-8 actually) to copy filtered resources, i.e. build is platform dependent!
2026-01-29 16:52:17,583 [Worker-10: Building] INFO  o.a.m.s.f.DefaultMavenResourcesFiltering - Copying 0 resource from src\main\resources to target\classes
2026-01-29 16:52:17,586 [Worker-10: Building] WARN  o.a.m.s.f.DefaultMavenResourcesFiltering - Using platform encoding (UTF-8 actually) to copy filtered resources, i.e. build is platform dependent!
2026-01-29 16:52:17,592 [Worker-10: Building] INFO  o.a.m.s.f.DefaultMavenResourcesFiltering - Copying 0 resource from src\test\resources to target\test-classes
2026-01-29 16:52:19,820 [main] INFO  c.b.a.BrowserStackPropertyTester - Testing : isBrowserStackEnabled
2026-01-29 16:52:19,821 [main] INFO  c.b.BrowserStackPluginActivator - Prefs Keys []
2026-01-29 16:52:19,823 [main] INFO  c.b.a.BrowserStackPropertyTester - Validation Result isBrowserStackEnabled : true P/FEEDBACK
2026-01-29 16:52:19,825 [main] INFO  c.b.a.BrowserStackPropertyTester - Testing : isBrowserStackDisabled
2026-01-29 16:52:19,825 [main] INFO  c.b.BrowserStackPluginActivator - Prefs Keys []
2026-01-29 16:52:19,827 [main] INFO  c.b.a.BrowserStackPropertyTester - Validation Result isBrowserStackDisabled : false P/FEEDBACK
2026-01-29 16:52:39,639 [Worker-10: Building] WARN  o.a.m.s.f.DefaultMavenResourcesFiltering - Using platform encoding (UTF-8 actually) to copy filtered resources, i.e. build is platform dependent!
2026-01-29 16:52:39,646 [Worker-10: Building] INFO  o.a.m.s.f.DefaultMavenResourcesFiltering - Copying 0 resource from src\main\resources to target\classes
2026-01-29 16:52:39,654 [Worker-10: Building] WARN  o.a.m.s.f.DefaultMavenResourcesFiltering - Using platform encoding (UTF-8 actually) to copy filtered resources, i.e. build is platform dependent!
2026-01-29 16:52:39,661 [Worker-10: Building] INFO  o.a.m.s.f.DefaultMavenResourcesFiltering - Copying 0 resource from src\test\resources to target\test-classes
2026-01-29 16:52:41,120 [main] INFO  c.b.a.BrowserStackPropertyTester - Testing : isBrowserStackEnabled
2026-01-29 16:52:41,120 [main] INFO  c.b.BrowserStackPluginActivator - Prefs Keys []
2026-01-29 16:52:41,123 [main] INFO  c.b.a.BrowserStackPropertyTester - Validation Result isBrowserStackEnabled : true P/FEEDBACK
2026-01-29 16:52:41,124 [main] INFO  c.b.a.BrowserStackPropertyTester - Testing : isBrowserStackDisabled
2026-01-29 16:52:41,124 [main] INFO  c.b.BrowserStackPluginActivator - Prefs Keys []
2026-01-29 16:52:41,127 [main] INFO  c.b.a.BrowserStackPropertyTester - Validation Result isBrowserStackDisabled : false P/FEEDBACK
2026-01-29 16:52:45,409 [main] INFO  c.b.a.BrowserStackPropertyTester - Testing : isBrowserStackEnabled
2026-01-29 16:52:45,410 [main] INFO  c.b.BrowserStackPluginActivator - Prefs Keys []
2026-01-29 16:52:45,412 [main] INFO  c.b.a.BrowserStackPropertyTester - Validation Result isBrowserStackEnabled : true P/FEEDBACK
2026-01-29 16:52:45,414 [main] INFO  c.b.a.BrowserStackPropertyTester - Testing : isBrowserStackDisabled
2026-01-29 16:52:45,414 [main] INFO  c.b.BrowserStackPluginActivator - Prefs Keys []
2026-01-29 16:52:45,416 [main] INFO  c.b.a.BrowserStackPropertyTester - Validation Result isBrowserStackDisabled : false P/FEEDBACK
2026-01-29 16:58:05,589 [main] INFO  c.b.a.BrowserStackPropertyTester - Testing : isBrowserStackEnabled
2026-01-29 16:58:05,589 [main] INFO  c.b.BrowserStackPluginActivator - Prefs Keys []
2026-01-29 16:58:05,592 [main] INFO  c.b.a.BrowserStackPropertyTester - Validation Result isBrowserStackEnabled : true P/FEEDBACK
2026-01-29 16:58:05,594 [main] INFO  c.b.a.BrowserStackPropertyTester - Testing : isBrowserStackDisabled
2026-01-29 16:58:05,594 [main] INFO  c.b.BrowserStackPluginActivator - Prefs Keys []
2026-01-29 16:58:05,595 [main] INFO  c.b.a.BrowserStackPropertyTester - Validation Result isBrowserStackDisabled : false P/FEEDBACK
2026-01-29 16:58:09,043 [Worker-18: Building] WARN  o.a.m.s.f.DefaultMavenResourcesFiltering - Using platform encoding (UTF-8 actually) to copy filtered resources, i.e. build is platform dependent!
2026-01-29 16:58:09,045 [Worker-18: Building] INFO  o.a.m.s.f.DefaultMavenResourcesFiltering - Copying 0 resource from src\main\resources to target\classes
2026-01-29 16:58:09,047 [Worker-18: Building] WARN  o.a.m.s.f.DefaultMavenResourcesFiltering - Using platform encoding (UTF-8 actually) to copy filtered resources, i.e. build is platform dependent!
2026-01-29 16:58:09,049 [Worker-18: Building] INFO  o.a.m.s.f.DefaultMavenResourcesFiltering - Copying 0 resource from src\test\resources to target\test-classes
2026-01-29 16:59:45,586 [Worker-23: Building] INFO  o.e.m.c.i.l.LifecycleMappingFactory - Using org.eclipse.m2e.jdt.JarLifecycleMapping lifecycle mapping for MavenProject: FEEDBACK:FEEDBACK:0.0.1-SNAPSHOT @ C:\Users\cdac\Documents\PROJECT\ccst_project\FEEDBACK\pom.xml.
2026-01-29 16:59:46,068 [Worker-23: Building] WARN  o.a.m.s.f.DefaultMavenResourcesFiltering - Using platform encoding (UTF-8 actually) to copy filtered resources, i.e. build is platform dependent!
2026-01-29 16:59:46,072 [Worker-23: Building] INFO  o.a.m.s.f.DefaultMavenResourcesFiltering - Copying 0 resource from src\main\resources to target\classes
2026-01-29 16:59:46,075 [Worker-23: Building] WARN  o.a.m.s.f.DefaultMavenResourcesFiltering - Using platform encoding (UTF-8 actually) to copy filtered resources, i.e. build is platform dependent!
2026-01-29 16:59:46,077 [Worker-23: Building] INFO  o.a.m.s.f.DefaultMavenResourcesFiltering - Copying 0 resource from src\test\resources to target\test-classes
2026-01-29 16:59:47,466 [Worker-21: Building] WARN  o.a.m.s.f.DefaultMavenResourcesFiltering - Using platform encoding (UTF-8 actually) to copy filtered resources, i.e. build is platform dependent!
2026-01-29 16:59:47,467 [Worker-21: Building] INFO  o.a.m.s.f.DefaultMavenResourcesFiltering - Copying 0 resource from src\main\resources to target\classes
2026-01-29 16:59:47,470 [Worker-21: Building] WARN  o.a.m.s.f.DefaultMavenResourcesFiltering - Using platform encoding (UTF-8 actually) to copy filtered resources, i.e. build is platform dependent!
2026-01-29 16:59:47,471 [Worker-21: Building] INFO  o.a.m.s.f.DefaultMavenResourcesFiltering - Copying 0 resource from src\test\resources to target\test-classes
2026-01-29 17:00:26,140 [Worker-22: Building] WARN  o.a.m.s.f.DefaultMavenResourcesFiltering - Using platform encoding (UTF-8 actually) to copy filtered resources, i.e. build is platform dependent!
2026-01-29 17:00:26,142 [Worker-22: Building] INFO  o.a.m.s.f.DefaultMavenResourcesFiltering - Copying 0 resource from src\main\resources to target\classes
2026-01-29 17:00:26,144 [Worker-22: Building] WARN  o.a.m.s.f.DefaultMavenResourcesFiltering - Using platform encoding (UTF-8 actually) to copy filtered resources, i.e. build is platform dependent!
2026-01-29 17:00:26,146 [Worker-22: Building] INFO  o.a.m.s.f.DefaultMavenResourcesFiltering - Copying 0 resource from src\test\resources to target\test-classes
2026-01-29 17:01:14,374 [Worker-22: Building] WARN  o.a.m.s.f.DefaultMavenResourcesFiltering - Using platform encoding (UTF-8 actually) to copy filtered resources, i.e. build is platform dependent!
2026-01-29 17:01:14,376 [Worker-22: Building] INFO  o.a.m.s.f.DefaultMavenResourcesFiltering - Copying 0 resource from src\main\resources to target\classes
2026-01-29 17:01:14,378 [Worker-22: Building] WARN  o.a.m.s.f.DefaultMavenResourcesFiltering - Using platform encoding (UTF-8 actually) to copy filtered resources, i.e. build is platform dependent!
2026-01-29 17:01:14,380 [Worker-22: Building] INFO  o.a.m.s.f.DefaultMavenResourcesFiltering - Copying 0 resource from src\test\resources to target\test-classes
2026-01-29 17:01:19,667 [Worker-1: Launching Baseclass] INFO  c.b.BrowserStackPluginActivator - The environment variables for the launch configuration are {}
2026-01-29 17:02:24,272 [Worker-21: Building] WARN  o.a.m.s.f.DefaultMavenResourcesFiltering - Using platform encoding (UTF-8 actually) to copy filtered resources, i.e. build is platform dependent!
2026-01-29 17:02:24,274 [Worker-21: Building] INFO  o.a.m.s.f.DefaultMavenResourcesFiltering - Copying 0 resource from src\main\resources to target\classes
2026-01-29 17:02:24,276 [Worker-21: Building] WARN  o.a.m.s.f.DefaultMavenResourcesFiltering - Using platform encoding (UTF-8 actually) to copy filtered resources, i.e. build is platform dependent!
2026-01-29 17:02:24,278 [Worker-21: Building] INFO  o.a.m.s.f.DefaultMavenResourcesFiltering - Copying 0 resource from src\test\resources to target\test-classes
2026-01-29 17:02:25,724 [Worker-22: Launching Baseclass] INFO  c.b.BrowserStackPluginActivator - The environment variables for the launch configuration are {}
2026-01-29 17:02:25,734 [Worker-22: Launching Baseclass] INFO  c.b.BrowserStackPluginActivator - The previous launch removed.
2026-01-29 17:03:40,570 [Worker-21: Building] WARN  o.a.m.s.f.DefaultMavenResourcesFiltering - Using platform encoding (UTF-8 actually) to copy filtered resources, i.e. build is platform dependent!
2026-01-29 17:03:40,572 [Worker-21: Building] INFO  o.a.m.s.f.DefaultMavenResourcesFiltering - Copying 0 resource from src\main\resources to target\classes
2026-01-29 17:03:40,574 [Worker-21: Building] WARN  o.a.m.s.f.DefaultMavenResourcesFiltering - Using platform encoding (UTF-8 actually) to copy filtered resources, i.e. build is platform dependent!
2026-01-29 17:03:40,576 [Worker-21: Building] INFO  o.a.m.s.f.DefaultMavenResourcesFiltering - Copying 0 resource from src\test\resources to target\test-classes
2026-01-29 17:03:42,237 [Worker-22: Launching Baseclass] INFO  c.b.BrowserStackPluginActivator - The environment variables for the launch configuration are {}
2026-01-29 17:03:42,247 [Worker-22: Launching Baseclass] INFO  c.b.BrowserStackPluginActivator - The previous launch removed.
2026-01-29 17:06:18,059 [Worker-21: Building] WARN  o.a.m.s.f.DefaultMavenResourcesFiltering - Using platform encoding (UTF-8 actually) to copy filtered resources, i.e. build is platform dependent!
2026-01-29 17:06:18,062 [Worker-21: Building] INFO  o.a.m.s.f.DefaultMavenResourcesFiltering - Copying 0 resource from src\main\resources to target\classes
2026-01-29 17:06:18,064 [Worker-21: Building] WARN  o.a.m.s.f.DefaultMavenResourcesFiltering - Using platform encoding (UTF-8 actually) to copy filtered resources, i.e. build is platform dependent!
2026-01-29 17:06:18,066 [Worker-21: Building] INFO  o.a.m.s.f.DefaultMavenResourcesFiltering - Copying 0 resource from src\test\resources to target\test-classes
2026-01-29 17:06:23,726 [Worker-25: Launching Baseclass] INFO  c.b.BrowserStackPluginActivator - The environment variables for the launch configuration are {}
2026-01-29 17:06:23,736 [Worker-25: Launching Baseclass] INFO  c.b.BrowserStackPluginActivator - The previous launch removed.
2026-01-29 17:11:25,314 [main] INFO  c.b.a.BrowserStackPropertyTester - Testing : isBrowserStackEnabled
2026-01-29 17:11:25,315 [main] INFO  c.b.BrowserStackPluginActivator - Prefs Keys []
2026-01-29 17:11:25,317 [main] INFO  c.b.a.BrowserStackPropertyTester - Validation Result isBrowserStackEnabled : true P/FEEDBACK
2026-01-29 17:11:25,318 [main] INFO  c.b.a.BrowserStackPropertyTester - Testing : isBrowserStackDisabled
2026-01-29 17:11:25,319 [main] INFO  c.b.BrowserStackPluginActivator - Prefs Keys []
2026-01-29 17:11:25,321 [main] INFO  c.b.a.BrowserStackPropertyTester - Validation Result isBrowserStackDisabled : false P/FEEDBACK
2026-01-29 17:11:34,583 [Worker-26: Building] WARN  o.a.m.s.f.DefaultMavenResourcesFiltering - Using platform encoding (UTF-8 actually) to copy filtered resources, i.e. build is platform dependent!
2026-01-29 17:11:34,586 [Worker-26: Building] INFO  o.a.m.s.f.DefaultMavenResourcesFiltering - Copying 0 resource from src\main\resources to target\classes
2026-01-29 17:11:34,592 [Worker-26: Building] WARN  o.a.m.s.f.DefaultMavenResourcesFiltering - Using platform encoding (UTF-8 actually) to copy filtered resources, i.e. build is platform dependent!
2026-01-29 17:11:34,597 [Worker-26: Building] INFO  o.a.m.s.f.DefaultMavenResourcesFiltering - Copying 0 resource from src\test\resources to target\test-classes
2026-01-29 17:11:59,744 [main] INFO  c.b.a.BrowserStackPropertyTester - Testing : isBrowserStackEnabled
2026-01-29 17:11:59,744 [main] INFO  c.b.BrowserStackPluginActivator - Prefs Keys []
2026-01-29 17:11:59,747 [main] INFO  c.b.a.BrowserStackPropertyTester - Validation Result isBrowserStackEnabled : true P/FEEDBACK
2026-01-29 17:11:59,748 [main] INFO  c.b.a.BrowserStackPropertyTester - Testing : isBrowserStackDisabled
2026-01-29 17:11:59,748 [main] INFO  c.b.BrowserStackPluginActivator - Prefs Keys []
2026-01-29 17:11:59,751 [main] INFO  c.b.a.BrowserStackPropertyTester - Validation Result isBrowserStackDisabled : false P/FEEDBACK
2026-01-29 17:12:04,514 [main] INFO  c.b.a.BrowserStackPropertyTester - Testing : isBrowserStackEnabled
2026-01-29 17:12:04,514 [main] INFO  c.b.BrowserStackPluginActivator - Prefs Keys []
2026-01-29 17:12:04,517 [main] INFO  c.b.a.BrowserStackPropertyTester - Validation Result isBrowserStackEnabled : true P/FEEDBACK
2026-01-29 17:12:04,518 [main] INFO  c.b.a.BrowserStackPropertyTester - Testing : isBrowserStackDisabled
2026-01-29 17:12:04,518 [main] INFO  c.b.BrowserStackPluginActivator - Prefs Keys []
2026-01-29 17:12:04,520 [main] INFO  c.b.a.BrowserStackPropertyTester - Validation Result isBrowserStackDisabled : false P/FEEDBACK
2026-01-29 17:12:08,589 [Worker-29: Building] WARN  o.a.m.s.f.DefaultMavenResourcesFiltering - Using platform encoding (UTF-8 actually) to copy filtered resources, i.e. build is platform dependent!
2026-01-29 17:12:08,591 [Worker-29: Building] INFO  o.a.m.s.f.DefaultMavenResourcesFiltering - Copying 0 resource from src\main\resources to target\classes
2026-01-29 17:12:08,593 [Worker-29: Building] WARN  o.a.m.s.f.DefaultMavenResourcesFiltering - Using platform encoding (UTF-8 actually) to copy filtered resources, i.e. build is platform dependent!
2026-01-29 17:12:08,595 [Worker-29: Building] INFO  o.a.m.s.f.DefaultMavenResourcesFiltering - Copying 0 resource from src\test\resources to target\test-classes
2026-01-29 17:33:21,213 [Worker-32: Creating project "PROJECT"] INFO  o.e.m.c.i.l.LifecycleMappingFactory - Using org.eclipse.m2e.jdt.JarLifecycleMapping lifecycle mapping for MavenProject: PROJECT:PROJECT:0.0.1-SNAPSHOT @ C:\Users\cdac\Documents\PROJECT\ccst_project\PROJECT\pom.xml.
2026-01-29 17:33:21,560 [Worker-32: Creating project "PROJECT"] INFO  o.e.m.j.i.AbstractJavaProjectConfigurator - Adding source folder /PROJECT/src/main/java
2026-01-29 17:33:21,561 [Worker-32: Creating project "PROJECT"] INFO  o.e.m.j.i.AbstractJavaProjectConfigurator - Adding resource folder /PROJECT/src/main/resources
2026-01-29 17:33:21,562 [Worker-32: Creating project "PROJECT"] INFO  o.e.m.j.i.AbstractJavaProjectConfigurator - Adding source folder /PROJECT/src/test/java
2026-01-29 17:33:21,562 [Worker-32: Creating project "PROJECT"] INFO  o.e.m.j.i.AbstractJavaProjectConfigurator - Adding resource folder /PROJECT/src/test/resources
2026-01-29 17:33:21,841 [Worker-30: Building] WARN  o.a.m.s.f.DefaultMavenResourcesFiltering - Using platform encoding (UTF-8 actually) to copy filtered resources, i.e. build is platform dependent!
2026-01-29 17:33:21,843 [Worker-30: Building] INFO  o.a.m.s.f.DefaultMavenResourcesFiltering - Copying 0 resource from src\main\resources to target\classes
2026-01-29 17:33:21,846 [Worker-30: Building] WARN  o.a.m.s.f.DefaultMavenResourcesFiltering - Using platform encoding (UTF-8 actually) to copy filtered resources, i.e. build is platform dependent!
2026-01-29 17:33:21,848 [Worker-30: Building] INFO  o.a.m.s.f.DefaultMavenResourcesFiltering - Copying 0 resource from src\test\resources to target\test-classes
2026-01-29 17:33:29,268 [main] INFO  c.b.a.BrowserStackPropertyTester - Testing : isBrowserStackEnabled
2026-01-29 17:33:29,269 [main] INFO  c.b.BrowserStackPluginActivator - Prefs Keys []
2026-01-29 17:33:29,271 [main] INFO  c.b.a.BrowserStackPropertyTester - Validation Result isBrowserStackEnabled : true P/PROJECT
2026-01-29 17:33:29,272 [main] INFO  c.b.a.BrowserStackPropertyTester - Testing : isBrowserStackDisabled
2026-01-29 17:33:29,272 [main] INFO  c.b.BrowserStackPluginActivator - Prefs Keys []
2026-01-29 17:33:29,274 [main] INFO  c.b.a.BrowserStackPropertyTester - Validation Result isBrowserStackDisabled : false P/PROJECT
2026-01-29 17:33:57,007 [Worker-34: Building] INFO  o.e.m.c.i.l.LifecycleMappingFactory - Using org.eclipse.m2e.jdt.JarLifecycleMapping lifecycle mapping for MavenProject: PROJECT:PROJECT:0.0.1-SNAPSHOT @ C:\Users\cdac\Documents\PROJECT\ccst_project\PROJECT\pom.xml.
2026-01-29 17:33:57,275 [Worker-34: Building] WARN  o.a.m.s.f.DefaultMavenResourcesFiltering - Using platform encoding (UTF-8 actually) to copy filtered resources, i.e. build is platform dependent!
2026-01-29 17:33:57,282 [Worker-34: Building] INFO  o.a.m.s.f.DefaultMavenResourcesFiltering - Copying 0 resource from src\main\resources to target\classes
2026-01-29 17:33:57,286 [Worker-34: Building] WARN  o.a.m.s.f.DefaultMavenResourcesFiltering - Using platform encoding (UTF-8 actually) to copy filtered resources, i.e. build is platform dependent!
2026-01-29 17:33:57,291 [Worker-34: Building] INFO  o.a.m.s.f.DefaultMavenResourcesFiltering - Copying 0 resource from src\test\resources to target\test-classes
2026-01-29 17:33:58,475 [Worker-35: Building] WARN  o.a.m.s.f.DefaultMavenResourcesFiltering - Using platform encoding (UTF-8 actually) to copy filtered resources, i.e. build is platform dependent!
2026-01-29 17:33:58,478 [Worker-35: Building] INFO  o.a.m.s.f.DefaultMavenResourcesFiltering - Copying 0 resource from src\main\resources to target\classes
2026-01-29 17:33:58,481 [Worker-35: Building] WARN  o.a.m.s.f.DefaultMavenResourcesFiltering - Using platform encoding (UTF-8 actually) to copy filtered resources, i.e. build is platform dependent!
2026-01-29 17:33:58,483 [Worker-35: Building] INFO  o.a.m.s.f.DefaultMavenResourcesFiltering - Copying 0 resource from src\test\resources to target\test-classes
2026-01-29 17:34:07,035 [Worker-30: Building] WARN  o.a.m.s.f.DefaultMavenResourcesFiltering - Using platform encoding (UTF-8 actually) to copy filtered resources, i.e. build is platform dependent!
2026-01-29 17:34:07,037 [Worker-30: Building] INFO  o.a.m.s.f.DefaultMavenResourcesFiltering - Copying 0 resource from src\main\resources to target\classes
2026-01-29 17:34:07,039 [Worker-30: Building] WARN  o.a.m.s.f.DefaultMavenResourcesFiltering - Using platform encoding (UTF-8 actually) to copy filtered resources, i.e. build is platform dependent!
2026-01-29 17:34:07,041 [Worker-30: Building] INFO  o.a.m.s.f.DefaultMavenResourcesFiltering - Copying 0 resource from src\test\resources to target\test-classes
2026-01-29 17:34:09,968 [Worker-34: Building] WARN  o.a.m.s.f.DefaultMavenResourcesFiltering - Using platform encoding (UTF-8 actually) to copy filtered resources, i.e. build is platform dependent!
2026-01-29 17:34:09,971 [Worker-34: Building] INFO  o.a.m.s.f.DefaultMavenResourcesFiltering - Copying 0 resource from src\main\resources to target\classes
2026-01-29 17:34:09,973 [Worker-34: Building] WARN  o.a.m.s.f.DefaultMavenResourcesFiltering - Using platform encoding (UTF-8 actually) to copy filtered resources, i.e. build is platform dependent!
2026-01-29 17:34:09,975 [Worker-34: Building] INFO  o.a.m.s.f.DefaultMavenResourcesFiltering - Copying 0 resource from src\test\resources to target\test-classes
2026-01-29 17:34:20,076 [main] INFO  c.b.a.BrowserStackPropertyTester - Testing : isBrowserStackEnabled
2026-01-29 17:34:20,076 [main] INFO  c.b.BrowserStackPluginActivator - Prefs Keys []
2026-01-29 17:34:20,078 [main] INFO  c.b.a.BrowserStackPropertyTester - Validation Result isBrowserStackEnabled : true P/PROJECT
2026-01-29 17:34:20,079 [main] INFO  c.b.a.BrowserStackPropertyTester - Testing : isBrowserStackDisabled
2026-01-29 17:34:20,079 [main] INFO  c.b.BrowserStackPluginActivator - Prefs Keys []
2026-01-29 17:34:20,081 [main] INFO  c.b.a.BrowserStackPropertyTester - Validation Result isBrowserStackDisabled : false P/PROJECT
2026-01-29 17:35:27,323 [main] INFO  c.b.a.BrowserStackPropertyTester - Testing : isBrowserStackEnabled
2026-01-29 17:35:27,323 [main] INFO  c.b.BrowserStackPluginActivator - Prefs Keys []
2026-01-29 17:35:27,325 [main] INFO  c.b.a.BrowserStackPropertyTester - Validation Result isBrowserStackEnabled : true P/PROJECT
2026-01-29 17:35:27,326 [main] INFO  c.b.a.BrowserStackPropertyTester - Testing : isBrowserStackDisabled
2026-01-29 17:35:27,326 [main] INFO  c.b.BrowserStackPluginActivator - Prefs Keys []
2026-01-29 17:35:27,328 [main] INFO  c.b.a.BrowserStackPropertyTester - Validation Result isBrowserStackDisabled : false P/PROJECT
2026-01-29 17:35:30,968 [main] INFO  c.b.a.BrowserStackPropertyTester - Testing : isBrowserStackEnabled
2026-01-29 17:35:30,969 [main] INFO  c.b.BrowserStackPluginActivator - Prefs Keys []
2026-01-29 17:35:30,971 [main] INFO  c.b.a.BrowserStackPropertyTester - Validation Result isBrowserStackEnabled : true P/PROJECT
2026-01-29 17:35:30,972 [main] INFO  c.b.a.BrowserStackPropertyTester - Testing : isBrowserStackDisabled
2026-01-29 17:35:30,972 [main] INFO  c.b.BrowserStackPluginActivator - Prefs Keys []
2026-01-29 17:35:30,974 [main] INFO  c.b.a.BrowserStackPropertyTester - Validation Result isBrowserStackDisabled : false P/PROJECT
2026-01-29 17:35:49,713 [main] INFO  c.b.a.BrowserStackPropertyTester - Testing : isBrowserStackEnabled
2026-01-29 17:35:49,713 [main] INFO  c.b.BrowserStackPluginActivator - Prefs Keys []
2026-01-29 17:35:49,715 [main] INFO  c.b.a.BrowserStackPropertyTester - Validation Result isBrowserStackEnabled : true P/PROJECT
2026-01-29 17:35:49,715 [main] INFO  c.b.a.BrowserStackPropertyTester - Testing : isBrowserStackDisabled
2026-01-29 17:35:49,716 [main] INFO  c.b.BrowserStackPluginActivator - Prefs Keys []
2026-01-29 17:35:49,717 [main] INFO  c.b.a.BrowserStackPropertyTester - Validation Result isBrowserStackDisabled : false P/PROJECT
2026-01-29 17:36:11,015 [Worker-32: Building] WARN  o.a.m.s.f.DefaultMavenResourcesFiltering - Using platform encoding (UTF-8 actually) to copy filtered resources, i.e. build is platform dependent!
2026-01-29 17:36:11,017 [Worker-32: Building] INFO  o.a.m.s.f.DefaultMavenResourcesFiltering - Copying 0 resource from src\main\resources to target\classes
2026-01-29 17:36:11,019 [Worker-32: Building] WARN  o.a.m.s.f.DefaultMavenResourcesFiltering - Using platform encoding (UTF-8 actually) to copy filtered resources, i.e. build is platform dependent!
2026-01-29 17:36:11,021 [Worker-32: Building] INFO  o.a.m.s.f.DefaultMavenResourcesFiltering - Copying 0 resource from src\test\resources to target\test-classes
2026-01-29 17:36:57,477 [main] INFO  c.b.a.BrowserStackPropertyTester - Testing : isBrowserStackEnabled
2026-01-29 17:36:57,477 [main] INFO  c.b.BrowserStackPluginActivator - Prefs Keys []
2026-01-29 17:36:57,479 [main] INFO  c.b.a.BrowserStackPropertyTester - Validation Result isBrowserStackEnabled : true P/PROJECT
2026-01-29 17:36:57,480 [main] INFO  c.b.a.BrowserStackPropertyTester - Testing : isBrowserStackDisabled
2026-01-29 17:36:57,480 [main] INFO  c.b.BrowserStackPluginActivator - Prefs Keys []
2026-01-29 17:36:57,482 [main] INFO  c.b.a.BrowserStackPropertyTester - Validation Result isBrowserStackDisabled : false P/PROJECT
2026-01-29 17:37:06,499 [main] INFO  c.b.a.BrowserStackPropertyTester - Testing : isBrowserStackEnabled
2026-01-29 17:37:06,499 [main] INFO  c.b.BrowserStackPluginActivator - Prefs Keys []
2026-01-29 17:37:06,501 [main] INFO  c.b.a.BrowserStackPropertyTester - Validation Result isBrowserStackEnabled : true P/PROJECT
2026-01-29 17:37:06,502 [main] INFO  c.b.a.BrowserStackPropertyTester - Testing : isBrowserStackDisabled
2026-01-29 17:37:06,502 [main] INFO  c.b.BrowserStackPluginActivator - Prefs Keys []
2026-01-29 17:37:06,504 [main] INFO  c.b.a.BrowserStackPropertyTester - Validation Result isBrowserStackDisabled : false P/PROJECT
2026-01-29 17:37:13,723 [Worker-34: Building] WARN  o.a.m.s.f.DefaultMavenResourcesFiltering - Using platform encoding (UTF-8 actually) to copy filtered resources, i.e. build is platform dependent!
2026-01-29 17:37:13,725 [Worker-34: Building] INFO  o.a.m.s.f.DefaultMavenResourcesFiltering - Copying 0 resource from src\main\resources to target\classes
2026-01-29 17:37:13,727 [Worker-34: Building] WARN  o.a.m.s.f.DefaultMavenResourcesFiltering - Using platform encoding (UTF-8 actually) to copy filtered resources, i.e. build is platform dependent!
2026-01-29 17:37:13,729 [Worker-34: Building] INFO  o.a.m.s.f.DefaultMavenResourcesFiltering - Copying 0 resource from src\test\resources to target\test-classes
2026-01-29 17:37:50,264 [main] INFO  c.b.a.BrowserStackPropertyTester - Testing : isBrowserStackEnabled
2026-01-29 17:37:50,264 [main] INFO  c.b.BrowserStackPluginActivator - Prefs Keys []
2026-01-29 17:37:50,267 [main] INFO  c.b.a.BrowserStackPropertyTester - Validation Result isBrowserStackEnabled : true P/PROJECT
2026-01-29 17:37:50,268 [main] INFO  c.b.a.BrowserStackPropertyTester - Testing : isBrowserStackDisabled
2026-01-29 17:37:50,268 [main] INFO  c.b.BrowserStackPluginActivator - Prefs Keys []
2026-01-29 17:37:50,271 [main] INFO  c.b.a.BrowserStackPropertyTester - Validation Result isBrowserStackDisabled : false P/PROJECT
2026-01-29 17:37:58,011 [Worker-38: Building] WARN  o.a.m.s.f.DefaultMavenResourcesFiltering - Using platform encoding (UTF-8 actually) to copy filtered resources, i.e. build is platform dependent!
2026-01-29 17:37:58,013 [Worker-38: Building] INFO  o.a.m.s.f.DefaultMavenResourcesFiltering - Copying 0 resource from src\main\resources to target\classes
2026-01-29 17:37:58,015 [Worker-38: Building] WARN  o.a.m.s.f.DefaultMavenResourcesFiltering - Using platform encoding (UTF-8 actually) to copy filtered resources, i.e. build is platform dependent!
2026-01-29 17:37:58,017 [Worker-38: Building] INFO  o.a.m.s.f.DefaultMavenResourcesFiltering - Copying 0 resource from src\test\resources to target\test-classes
2026-01-29 17:38:06,301 [main] INFO  c.b.a.BrowserStackPropertyTester - Testing : isBrowserStackEnabled
2026-01-29 17:38:06,301 [main] INFO  c.b.BrowserStackPluginActivator - Prefs Keys []
2026-01-29 17:38:06,303 [main] INFO  c.b.a.BrowserStackPropertyTester - Validation Result isBrowserStackEnabled : true P/PROJECT
2026-01-29 17:38:06,303 [main] INFO  c.b.a.BrowserStackPropertyTester - Testing : isBrowserStackDisabled
2026-01-29 17:38:06,304 [main] INFO  c.b.BrowserStackPluginActivator - Prefs Keys []
2026-01-29 17:38:06,305 [main] INFO  c.b.a.BrowserStackPropertyTester - Validation Result isBrowserStackDisabled : false P/PROJECT
2026-01-29 17:38:14,950 [Worker-38: Building] WARN  o.a.m.s.f.DefaultMavenResourcesFiltering - Using platform encoding (UTF-8 actually) to copy filtered resources, i.e. build is platform dependent!
2026-01-29 17:38:14,952 [Worker-38: Building] INFO  o.a.m.s.f.DefaultMavenResourcesFiltering - Copying 0 resource from src\main\resources to target\classes
2026-01-29 17:38:14,955 [Worker-38: Building] WARN  o.a.m.s.f.DefaultMavenResourcesFiltering - Using platform encoding (UTF-8 actually) to copy filtered resources, i.e. build is platform dependent!
2026-01-29 17:38:14,957 [Worker-38: Building] INFO  o.a.m.s.f.DefaultMavenResourcesFiltering - Copying 0 resource from src\test\resources to target\test-classes
2026-01-29 17:38:17,124 [main] INFO  c.b.a.BrowserStackPropertyTester - Testing : isBrowserStackEnabled
2026-01-29 17:38:17,124 [main] INFO  c.b.BrowserStackPluginActivator - Prefs Keys []
2026-01-29 17:38:17,126 [main] INFO  c.b.a.BrowserStackPropertyTester - Validation Result isBrowserStackEnabled : true P/PROJECT
2026-01-29 17:38:17,128 [main] INFO  c.b.a.BrowserStackPropertyTester - Testing : isBrowserStackDisabled
2026-01-29 17:38:17,128 [main] INFO  c.b.BrowserStackPluginActivator - Prefs Keys []
2026-01-29 17:38:17,130 [main] INFO  c.b.a.BrowserStackPropertyTester - Validation Result isBrowserStackDisabled : false P/PROJECT
2026-01-29 17:38:29,291 [Worker-32: Building] WARN  o.a.m.s.f.DefaultMavenResourcesFiltering - Using platform encoding (UTF-8 actually) to copy filtered resources, i.e. build is platform dependent!
2026-01-29 17:38:29,293 [Worker-32: Building] INFO  o.a.m.s.f.DefaultMavenResourcesFiltering - Copying 0 resource from src\main\resources to target\classes
2026-01-29 17:38:29,295 [Worker-32: Building] WARN  o.a.m.s.f.DefaultMavenResourcesFiltering - Using platform encoding (UTF-8 actually) to copy filtered resources, i.e. build is platform dependent!
2026-01-29 17:38:29,298 [Worker-32: Building] INFO  o.a.m.s.f.DefaultMavenResourcesFiltering - Copying 0 resource from src\test\resources to target\test-classes
2026-01-29 17:39:01,138 [main] INFO  c.b.a.BrowserStackPropertyTester - Testing : isBrowserStackEnabled
2026-01-29 17:39:01,139 [main] INFO  c.b.BrowserStackPluginActivator - Prefs Keys []
2026-01-29 17:39:01,141 [main] INFO  c.b.a.BrowserStackPropertyTester - Validation Result isBrowserStackEnabled : true P/PROJECT
2026-01-29 17:39:01,142 [main] INFO  c.b.a.BrowserStackPropertyTester - Testing : isBrowserStackDisabled
2026-01-29 17:39:01,142 [main] INFO  c.b.BrowserStackPluginActivator - Prefs Keys []
2026-01-29 17:39:01,144 [main] INFO  c.b.a.BrowserStackPropertyTester - Validation Result isBrowserStackDisabled : false P/PROJECT
2026-01-29 17:39:04,096 [main] INFO  c.b.a.BrowserStackPropertyTester - Testing : isBrowserStackEnabled
2026-01-29 17:39:04,097 [main] INFO  c.b.BrowserStackPluginActivator - Prefs Keys []
2026-01-29 17:39:04,099 [main] INFO  c.b.a.BrowserStackPropertyTester - Validation Result isBrowserStackEnabled : true P/PROJECT
2026-01-29 17:39:04,100 [main] INFO  c.b.a.BrowserStackPropertyTester - Testing : isBrowserStackDisabled
2026-01-29 17:39:04,100 [main] INFO  c.b.BrowserStackPluginActivator - Prefs Keys []
2026-01-29 17:39:04,102 [main] INFO  c.b.a.BrowserStackPropertyTester - Validation Result isBrowserStackDisabled : false P/PROJECT
2026-01-29 17:39:27,143 [Worker-32: Building] WARN  o.a.m.s.f.DefaultMavenResourcesFiltering - Using platform encoding (UTF-8 actually) to copy filtered resources, i.e. build is platform dependent!
2026-01-29 17:39:27,145 [Worker-32: Building] INFO  o.a.m.s.f.DefaultMavenResourcesFiltering - Copying 0 resource from src\main\resources to target\classes
2026-01-29 17:39:27,147 [Worker-32: Building] WARN  o.a.m.s.f.DefaultMavenResourcesFiltering - Using platform encoding (UTF-8 actually) to copy filtered resources, i.e. build is platform dependent!
2026-01-29 17:39:27,148 [Worker-32: Building] INFO  o.a.m.s.f.DefaultMavenResourcesFiltering - Copying 0 resource from src\test\resources to target\test-classes
2026-01-29 17:41:48,740 [Worker-35: Building] WARN  o.a.m.s.f.DefaultMavenResourcesFiltering - Using platform encoding (UTF-8 actually) to copy filtered resources, i.e. build is platform dependent!
2026-01-29 17:41:48,742 [Worker-35: Building] INFO  o.a.m.s.f.DefaultMavenResourcesFiltering - Copying 0 resource from src\main\resources to target\classes
2026-01-29 17:41:48,745 [Worker-35: Building] WARN  o.a.m.s.f.DefaultMavenResourcesFiltering - Using platform encoding (UTF-8 actually) to copy filtered resources, i.e. build is platform dependent!
2026-01-29 17:41:48,746 [Worker-35: Building] INFO  o.a.m.s.f.DefaultMavenResourcesFiltering - Copying 0 resource from src\test\resources to target\test-classes
2026-01-29 17:45:12,389 [Worker-42: Building] WARN  o.a.m.s.f.DefaultMavenResourcesFiltering - Using platform encoding (UTF-8 actually) to copy filtered resources, i.e. build is platform dependent!
2026-01-29 17:45:12,391 [Worker-42: Building] INFO  o.a.m.s.f.DefaultMavenResourcesFiltering - Copying 0 resource from src\main\resources to target\classes
2026-01-29 17:45:12,393 [Worker-42: Building] WARN  o.a.m.s.f.DefaultMavenResourcesFiltering - Using platform encoding (UTF-8 actually) to copy filtered resources, i.e. build is platform dependent!
2026-01-29 17:45:12,395 [Worker-42: Building] INFO  o.a.m.s.f.DefaultMavenResourcesFiltering - Copying 0 resource from src\test\resources to target\test-classes
2026-01-29 17:46:33,269 [Worker-43: Building] WARN  o.a.m.s.f.DefaultMavenResourcesFiltering - Using platform encoding (UTF-8 actually) to copy filtered resources, i.e. build is platform dependent!
2026-01-29 17:46:33,271 [Worker-43: Building] INFO  o.a.m.s.f.DefaultMavenResourcesFiltering - Copying 0 resource from src\main\resources to target\classes
2026-01-29 17:46:33,273 [Worker-43: Building] WARN  o.a.m.s.f.DefaultMavenResourcesFiltering - Using platform encoding (UTF-8 actually) to copy filtered resources, i.e. build is platform dependent!
2026-01-29 17:46:33,274 [Worker-43: Building] INFO  o.a.m.s.f.DefaultMavenResourcesFiltering - Copying 0 resource from src\test\resources to target\test-classes
2026-01-29 17:46:54,659 [Worker-41: Building] WARN  o.a.m.s.f.DefaultMavenResourcesFiltering - Using platform encoding (UTF-8 actually) to copy filtered resources, i.e. build is platform dependent!
2026-01-29 17:46:54,662 [Worker-41: Building] INFO  o.a.m.s.f.DefaultMavenResourcesFiltering - Copying 0 resource from src\main\resources to target\classes
2026-01-29 17:46:54,664 [Worker-41: Building] WARN  o.a.m.s.f.DefaultMavenResourcesFiltering - Using platform encoding (UTF-8 actually) to copy filtered resources, i.e. build is platform dependent!
2026-01-29 17:46:54,667 [Worker-41: Building] INFO  o.a.m.s.f.DefaultMavenResourcesFiltering - Copying 0 resource from src\test\resources to target\test-classes
2026-01-29 17:47:41,467 [Worker-43: Building] WARN  o.a.m.s.f.DefaultMavenResourcesFiltering - Using platform encoding (UTF-8 actually) to copy filtered resources, i.e. build is platform dependent!
2026-01-29 17:47:41,468 [Worker-43: Building] INFO  o.a.m.s.f.DefaultMavenResourcesFiltering - Copying 0 resource from src\main\resources to target\classes
2026-01-29 17:47:41,470 [Worker-43: Building] WARN  o.a.m.s.f.DefaultMavenResourcesFiltering - Using platform encoding (UTF-8 actually) to copy filtered resources, i.e. build is platform dependent!
2026-01-29 17:47:41,472 [Worker-43: Building] INFO  o.a.m.s.f.DefaultMavenResourcesFiltering - Copying 0 resource from src\test\resources to target\test-classes
2026-01-29 17:47:43,458 [Worker-43: Building] WARN  o.a.m.s.f.DefaultMavenResourcesFiltering - Using platform encoding (UTF-8 actually) to copy filtered resources, i.e. build is platform dependent!
2026-01-29 17:47:43,459 [Worker-43: Building] INFO  o.a.m.s.f.DefaultMavenResourcesFiltering - Copying 0 resource from src\main\resources to target\classes
2026-01-29 17:47:43,461 [Worker-43: Building] WARN  o.a.m.s.f.DefaultMavenResourcesFiltering - Using platform encoding (UTF-8 actually) to copy filtered resources, i.e. build is platform dependent!
2026-01-29 17:47:43,463 [Worker-43: Building] INFO  o.a.m.s.f.DefaultMavenResourcesFiltering - Copying 0 resource from src\test\resources to target\test-classes
2026-01-29 17:48:00,887 [Worker-38: Building] WARN  o.a.m.s.f.DefaultMavenResourcesFiltering - Using platform encoding (UTF-8 actually) to copy filtered resources, i.e. build is platform dependent!
2026-01-29 17:48:00,888 [Worker-38: Building] INFO  o.a.m.s.f.DefaultMavenResourcesFiltering - Copying 0 resource from src\main\resources to target\classes
2026-01-29 17:48:00,890 [Worker-38: Building] WARN  o.a.m.s.f.DefaultMavenResourcesFiltering - Using platform encoding (UTF-8 actually) to copy filtered resources, i.e. build is platform dependent!
2026-01-29 17:48:00,892 [Worker-38: Building] INFO  o.a.m.s.f.DefaultMavenResourcesFiltering - Copying 0 resource from src\test\resources to target\test-classes
2026-01-29 17:48:48,429 [Worker-42: Building] WARN  o.a.m.s.f.DefaultMavenResourcesFiltering - Using platform encoding (UTF-8 actually) to copy filtered resources, i.e. build is platform dependent!
2026-01-29 17:48:48,431 [Worker-42: Building] INFO  o.a.m.s.f.DefaultMavenResourcesFiltering - Copying 0 resource from src\main\resources to target\classes
2026-01-29 17:48:48,433 [Worker-42: Building] WARN  o.a.m.s.f.DefaultMavenResourcesFiltering - Using platform encoding (UTF-8 actually) to copy filtered resources, i.e. build is platform dependent!
2026-01-29 17:48:48,434 [Worker-42: Building] INFO  o.a.m.s.f.DefaultMavenResourcesFiltering - Copying 0 resource from src\test\resources to target\test-classes
2026-01-29 17:51:14,212 [Worker-43: Building] WARN  o.a.m.s.f.DefaultMavenResourcesFiltering - Using platform encoding (UTF-8 actually) to copy filtered resources, i.e. build is platform dependent!
2026-01-29 17:51:14,214 [Worker-43: Building] INFO  o.a.m.s.f.DefaultMavenResourcesFiltering - Copying 0 resource from src\main\resources to target\classes
2026-01-29 17:51:14,215 [Worker-43: Building] WARN  o.a.m.s.f.DefaultMavenResourcesFiltering - Using platform encoding (UTF-8 actually) to copy filtered resources, i.e. build is platform dependent!
2026-01-29 17:51:14,217 [Worker-43: Building] INFO  o.a.m.s.f.DefaultMavenResourcesFiltering - Copying 0 resource from src\test\resources to target\test-classes
2026-01-29 18:03:03,713 [main] INFO  c.b.a.BrowserStackPropertyTester - Testing : isBrowserStackEnabled
2026-01-29 18:03:03,713 [main] INFO  c.b.BrowserStackPluginActivator - Prefs Keys []
2026-01-29 18:03:03,715 [main] INFO  c.b.a.BrowserStackPropertyTester - Validation Result isBrowserStackEnabled : true P/PROJECT
2026-01-29 18:03:03,716 [main] INFO  c.b.a.BrowserStackPropertyTester - Testing : isBrowserStackDisabled
2026-01-29 18:03:03,717 [main] INFO  c.b.BrowserStackPluginActivator - Prefs Keys []
2026-01-29 18:03:03,719 [main] INFO  c.b.a.BrowserStackPropertyTester - Validation Result isBrowserStackDisabled : false P/PROJECT
2026-01-29 18:03:34,109 [main] INFO  c.b.a.BrowserStackPropertyTester - Testing : isBrowserStackEnabled
2026-01-29 18:03:34,110 [main] INFO  c.b.BrowserStackPluginActivator - Prefs Keys []
2026-01-29 18:03:34,112 [main] INFO  c.b.a.BrowserStackPropertyTester - Validation Result isBrowserStackEnabled : true P/PROJECT
2026-01-29 18:03:34,113 [main] INFO  c.b.a.BrowserStackPropertyTester - Testing : isBrowserStackDisabled
2026-01-29 18:03:34,113 [main] INFO  c.b.BrowserStackPluginActivator - Prefs Keys []
2026-01-29 18:03:34,115 [main] INFO  c.b.a.BrowserStackPropertyTester - Validation Result isBrowserStackDisabled : false P/PROJECT
2026-01-29 18:03:41,988 [main] INFO  c.b.a.BrowserStackPropertyTester - Testing : isBrowserStackEnabled
2026-01-29 18:03:41,988 [main] INFO  c.b.BrowserStackPluginActivator - Prefs Keys []
2026-01-29 18:03:41,990 [main] INFO  c.b.a.BrowserStackPropertyTester - Validation Result isBrowserStackEnabled : true P/PROJECT
2026-01-29 18:03:41,991 [main] INFO  c.b.a.BrowserStackPropertyTester - Testing : isBrowserStackDisabled
2026-01-29 18:03:41,991 [main] INFO  c.b.BrowserStackPluginActivator - Prefs Keys []
2026-01-29 18:03:41,993 [main] INFO  c.b.a.BrowserStackPropertyTester - Validation Result isBrowserStackDisabled : false P/PROJECT
2026-01-29 18:03:43,543 [main] INFO  c.b.a.BrowserStackPropertyTester - Testing : isBrowserStackEnabled
2026-01-29 18:03:43,543 [main] INFO  c.b.BrowserStackPluginActivator - Prefs Keys []
2026-01-29 18:03:43,551 [main] INFO  c.b.a.BrowserStackPropertyTester - Validation Result isBrowserStackEnabled : true P/PROJECT
2026-01-29 18:03:43,555 [main] INFO  c.b.a.BrowserStackPropertyTester - Testing : isBrowserStackDisabled
2026-01-29 18:03:43,556 [main] INFO  c.b.BrowserStackPluginActivator - Prefs Keys []
2026-01-29 18:03:43,560 [main] INFO  c.b.a.BrowserStackPropertyTester - Validation Result isBrowserStackDisabled : false P/PROJECT
2026-01-29 18:04:19,285 [main] INFO  c.b.a.BrowserStackPropertyTester - Testing : isBrowserStackEnabled
2026-01-29 18:04:19,286 [main] INFO  c.b.BrowserStackPluginActivator - Prefs Keys []
2026-01-29 18:04:19,287 [main] INFO  c.b.a.BrowserStackPropertyTester - Validation Result isBrowserStackEnabled : true P/FEEDBACK
2026-01-29 18:04:19,288 [main] INFO  c.b.a.BrowserStackPropertyTester - Testing : isBrowserStackDisabled
2026-01-29 18:04:19,288 [main] INFO  c.b.BrowserStackPluginActivator - Prefs Keys []
2026-01-29 18:04:19,290 [main] INFO  c.b.a.BrowserStackPropertyTester - Validation Result isBrowserStackDisabled : false P/FEEDBACK
2026-01-29 18:04:44,525 [main] INFO  c.b.a.BrowserStackPropertyTester - Testing : isBrowserStackEnabled
2026-01-29 18:04:44,526 [main] INFO  c.b.BrowserStackPluginActivator - Prefs Keys []
2026-01-29 18:04:44,527 [main] INFO  c.b.a.BrowserStackPropertyTester - Validation Result isBrowserStackEnabled : true P/FEEDBACK
2026-01-29 18:04:44,528 [main] INFO  c.b.a.BrowserStackPropertyTester - Testing : isBrowserStackDisabled
2026-01-29 18:04:44,528 [main] INFO  c.b.BrowserStackPluginActivator - Prefs Keys []
2026-01-29 18:04:44,530 [main] INFO  c.b.a.BrowserStackPropertyTester - Validation Result isBrowserStackDisabled : false P/FEEDBACK
2026-01-29 18:05:18,612 [Worker-46: Building] WARN  o.a.m.s.f.DefaultMavenResourcesFiltering - Using platform encoding (UTF-8 actually) to copy filtered resources, i.e. build is platform dependent!
2026-01-29 18:05:18,614 [Worker-46: Building] INFO  o.a.m.s.f.DefaultMavenResourcesFiltering - Copying 0 resource from src\main\resources to target\classes
2026-01-29 18:05:18,615 [Worker-46: Building] WARN  o.a.m.s.f.DefaultMavenResourcesFiltering - Using platform encoding (UTF-8 actually) to copy filtered resources, i.e. build is platform dependent!
2026-01-29 18:05:18,617 [Worker-46: Building] INFO  o.a.m.s.f.DefaultMavenResourcesFiltering - Copying 0 resource from src\test\resources to target\test-classes
2026-01-29 18:06:31,015 [Worker-43: Building] WARN  o.a.m.s.f.DefaultMavenResourcesFiltering - Using platform encoding (UTF-8 actually) to copy filtered resources, i.e. build is platform dependent!
2026-01-29 18:06:31,017 [Worker-43: Building] INFO  o.a.m.s.f.DefaultMavenResourcesFiltering - Copying 0 resource from src\main\resources to target\classes
2026-01-29 18:06:31,019 [Worker-43: Building] WARN  o.a.m.s.f.DefaultMavenResourcesFiltering - Using platform encoding (UTF-8 actually) to copy filtered resources, i.e. build is platform dependent!
2026-01-29 18:06:31,021 [Worker-43: Building] INFO  o.a.m.s.f.DefaultMavenResourcesFiltering - Copying 0 resource from src\test\resources to target\test-classes
2026-01-29 18:14:14,683 [Worker-53: Building] WARN  o.a.m.s.f.DefaultMavenResourcesFiltering - Using platform encoding (UTF-8 actually) to copy filtered resources, i.e. build is platform dependent!
2026-01-29 18:14:14,685 [Worker-53: Building] INFO  o.a.m.s.f.DefaultMavenResourcesFiltering - Copying 0 resource from src\main\resources to target\classes
2026-01-29 18:14:14,686 [Worker-53: Building] WARN  o.a.m.s.f.DefaultMavenResourcesFiltering - Using platform encoding (UTF-8 actually) to copy filtered resources, i.e. build is platform dependent!
2026-01-29 18:14:14,688 [Worker-53: Building] INFO  o.a.m.s.f.DefaultMavenResourcesFiltering - Copying 0 resource from src\test\resources to target\test-classes
2026-01-29 18:17:41,873 [main] INFO  c.b.a.BrowserStackPropertyTester - Testing : isBrowserStackEnabled
2026-01-29 18:17:41,874 [main] INFO  c.b.BrowserStackPluginActivator - Prefs Keys []
2026-01-29 18:17:41,875 [main] INFO  c.b.a.BrowserStackPropertyTester - Validation Result isBrowserStackEnabled : true P/FEEDBACK
2026-01-29 18:17:41,876 [main] INFO  c.b.a.BrowserStackPropertyTester - Testing : isBrowserStackDisabled
2026-01-29 18:17:41,876 [main] INFO  c.b.BrowserStackPluginActivator - Prefs Keys []
2026-01-29 18:17:41,878 [main] INFO  c.b.a.BrowserStackPropertyTester - Validation Result isBrowserStackDisabled : false P/FEEDBACK
2026-01-29 18:17:44,286 [main] INFO  c.b.a.BrowserStackPropertyTester - Testing : isBrowserStackEnabled
2026-01-29 18:17:44,286 [main] INFO  c.b.BrowserStackPluginActivator - Prefs Keys []
2026-01-29 18:17:44,288 [main] INFO  c.b.a.BrowserStackPropertyTester - Validation Result isBrowserStackEnabled : true P/FEEDBACK
2026-01-29 18:17:44,289 [main] INFO  c.b.a.BrowserStackPropertyTester - Testing : isBrowserStackDisabled
2026-01-29 18:17:44,289 [main] INFO  c.b.BrowserStackPluginActivator - Prefs Keys []
2026-01-29 18:17:44,291 [main] INFO  c.b.a.BrowserStackPropertyTester - Validation Result isBrowserStackDisabled : false P/FEEDBACK
2026-01-29 18:17:52,186 [main] INFO  c.b.a.BrowserStackPropertyTester - Testing : isBrowserStackEnabled
2026-01-29 18:17:52,186 [main] INFO  c.b.BrowserStackPluginActivator - Prefs Keys []
2026-01-29 18:17:52,188 [main] INFO  c.b.a.BrowserStackPropertyTester - Validation Result isBrowserStackEnabled : true P/FEEDBACK
2026-01-29 18:17:52,188 [main] INFO  c.b.a.BrowserStackPropertyTester - Testing : isBrowserStackDisabled
2026-01-29 18:17:52,189 [main] INFO  c.b.BrowserStackPluginActivator - Prefs Keys []
2026-01-29 18:17:52,190 [main] INFO  c.b.a.BrowserStackPropertyTester - Validation Result isBrowserStackDisabled : false P/FEEDBACK
2026-01-29 18:17:54,259 [Worker-53: Building] WARN  o.a.m.s.f.DefaultMavenResourcesFiltering - Using platform encoding (UTF-8 actually) to copy filtered resources, i.e. build is platform dependent!
2026-01-29 18:17:54,260 [Worker-53: Building] INFO  o.a.m.s.f.DefaultMavenResourcesFiltering - Copying 0 resource from src\main\resources to target\classes
2026-01-29 18:17:54,263 [Worker-53: Building] WARN  o.a.m.s.f.DefaultMavenResourcesFiltering - Using platform encoding (UTF-8 actually) to copy filtered resources, i.e. build is platform dependent!
2026-01-29 18:17:54,265 [Worker-53: Building] INFO  o.a.m.s.f.DefaultMavenResourcesFiltering - Copying 0 resource from src\test\resources to target\test-classes
2026-01-29 18:17:56,148 [main] INFO  c.b.a.BrowserStackPropertyTester - Testing : isBrowserStackEnabled
2026-01-29 18:17:56,148 [main] INFO  c.b.BrowserStackPluginActivator - Prefs Keys []
2026-01-29 18:17:56,150 [main] INFO  c.b.a.BrowserStackPropertyTester - Validation Result isBrowserStackEnabled : true P/FEEDBACK
2026-01-29 18:17:56,150 [main] INFO  c.b.a.BrowserStackPropertyTester - Testing : isBrowserStackDisabled
2026-01-29 18:17:56,151 [main] INFO  c.b.BrowserStackPluginActivator - Prefs Keys []
2026-01-29 18:17:56,152 [main] INFO  c.b.a.BrowserStackPropertyTester - Validation Result isBrowserStackDisabled : false P/FEEDBACK
2026-01-29 18:18:03,812 [main] INFO  c.b.a.BrowserStackPropertyTester - Testing : isBrowserStackEnabled
2026-01-29 18:18:03,812 [main] INFO  c.b.BrowserStackPluginActivator - Prefs Keys []
2026-01-29 18:18:03,814 [main] INFO  c.b.a.BrowserStackPropertyTester - Validation Result isBrowserStackEnabled : true P/FEEDBACK
2026-01-29 18:18:03,815 [main] INFO  c.b.a.BrowserStackPropertyTester - Testing : isBrowserStackDisabled
2026-01-29 18:18:03,815 [main] INFO  c.b.BrowserStackPluginActivator - Prefs Keys []
2026-01-29 18:18:03,817 [main] INFO  c.b.a.BrowserStackPropertyTester - Validation Result isBrowserStackDisabled : false P/FEEDBACK
2026-01-29 18:18:15,687 [main] INFO  c.b.a.BrowserStackPropertyTester - Testing : isBrowserStackEnabled
2026-01-29 18:18:15,687 [main] INFO  c.b.BrowserStackPluginActivator - Prefs Keys []
2026-01-29 18:18:15,689 [main] INFO  c.b.a.BrowserStackPropertyTester - Validation Result isBrowserStackEnabled : true P/FEEDBACK
2026-01-29 18:18:15,690 [main] INFO  c.b.a.BrowserStackPropertyTester - Testing : isBrowserStackDisabled
2026-01-29 18:18:15,691 [main] INFO  c.b.BrowserStackPluginActivator - Prefs Keys []
2026-01-29 18:18:15,693 [main] INFO  c.b.a.BrowserStackPropertyTester - Validation Result isBrowserStackDisabled : false P/FEEDBACK
2026-01-29 18:18:25,060 [main] INFO  c.b.a.BrowserStackPropertyTester - Testing : isBrowserStackEnabled
2026-01-29 18:18:25,060 [main] INFO  c.b.BrowserStackPluginActivator - Prefs Keys []
2026-01-29 18:18:25,062 [main] INFO  c.b.a.BrowserStackPropertyTester - Validation Result isBrowserStackEnabled : true P/FEEDBACK
2026-01-29 18:18:25,063 [main] INFO  c.b.a.BrowserStackPropertyTester - Testing : isBrowserStackDisabled
2026-01-29 18:18:25,063 [main] INFO  c.b.BrowserStackPluginActivator - Prefs Keys []
2026-01-29 18:18:25,064 [main] INFO  c.b.a.BrowserStackPropertyTester - Validation Result isBrowserStackDisabled : false P/FEEDBACK
2026-01-29 18:18:46,315 [main] INFO  c.b.a.BrowserStackPropertyTester - Testing : isBrowserStackEnabled
2026-01-29 18:18:46,316 [main] INFO  c.b.BrowserStackPluginActivator - Prefs Keys []
2026-01-29 18:18:46,317 [main] INFO  c.b.a.BrowserStackPropertyTester - Validation Result isBrowserStackEnabled : true P/FEEDBACK
2026-01-29 18:18:46,318 [main] INFO  c.b.a.BrowserStackPropertyTester - Testing : isBrowserStackDisabled
2026-01-29 18:18:46,318 [main] INFO  c.b.BrowserStackPluginActivator - Prefs Keys []
2026-01-29 18:18:46,320 [main] INFO  c.b.a.BrowserStackPropertyTester - Validation Result isBrowserStackDisabled : false P/FEEDBACK
2026-01-29 18:18:57,267 [Worker-51: Building] WARN  o.a.m.s.f.DefaultMavenResourcesFiltering - Using platform encoding (UTF-8 actually) to copy filtered resources, i.e. build is platform dependent!
2026-01-29 18:18:57,269 [Worker-51: Building] INFO  o.a.m.s.f.DefaultMavenResourcesFiltering - Copying 0 resource from src\main\resources to target\classes
2026-01-29 18:18:57,271 [Worker-51: Building] WARN  o.a.m.s.f.DefaultMavenResourcesFiltering - Using platform encoding (UTF-8 actually) to copy filtered resources, i.e. build is platform dependent!
2026-01-29 18:18:57,273 [Worker-51: Building] INFO  o.a.m.s.f.DefaultMavenResourcesFiltering - Copying 0 resource from src\test\resources to target\test-classes
2026-01-29 18:25:50,032 [main] INFO  c.b.a.BrowserStackPropertyTester - Testing : isBrowserStackEnabled
2026-01-29 18:25:50,033 [main] INFO  c.b.BrowserStackPluginActivator - Prefs Keys []
2026-01-29 18:25:50,035 [main] INFO  c.b.a.BrowserStackPropertyTester - Validation Result isBrowserStackEnabled : true P/FEEDBACK
2026-01-29 18:25:50,036 [main] INFO  c.b.a.BrowserStackPropertyTester - Testing : isBrowserStackDisabled
2026-01-29 18:25:50,036 [main] INFO  c.b.BrowserStackPluginActivator - Prefs Keys []
2026-01-29 18:25:50,038 [main] INFO  c.b.a.BrowserStackPropertyTester - Validation Result isBrowserStackDisabled : false P/FEEDBACK
2026-01-29 18:25:52,245 [Worker-53: Building] WARN  o.a.m.s.f.DefaultMavenResourcesFiltering - Using platform encoding (UTF-8 actually) to copy filtered resources, i.e. build is platform dependent!
2026-01-29 18:25:52,247 [Worker-53: Building] INFO  o.a.m.s.f.DefaultMavenResourcesFiltering - Copying 0 resource from src\main\resources to target\classes
2026-01-29 18:25:52,248 [Worker-53: Building] WARN  o.a.m.s.f.DefaultMavenResourcesFiltering - Using platform encoding (UTF-8 actually) to copy filtered resources, i.e. build is platform dependent!
2026-01-29 18:25:52,249 [Worker-53: Building] INFO  o.a.m.s.f.DefaultMavenResourcesFiltering - Copying 0 resource from src\test\resources to target\test-classes
2026-01-29 18:29:50,346 [Worker-54: Building] WARN  o.a.m.s.f.DefaultMavenResourcesFiltering - Using platform encoding (UTF-8 actually) to copy filtered resources, i.e. build is platform dependent!
2026-01-29 18:29:50,349 [Worker-54: Building] INFO  o.a.m.s.f.DefaultMavenResourcesFiltering - Copying 0 resource from src\main\resources to target\classes
2026-01-29 18:29:50,350 [Worker-54: Building] WARN  o.a.m.s.f.DefaultMavenResourcesFiltering - Using platform encoding (UTF-8 actually) to copy filtered resources, i.e. build is platform dependent!
2026-01-29 18:29:50,352 [Worker-54: Building] INFO  o.a.m.s.f.DefaultMavenResourcesFiltering - Copying 0 resource from src\test\resources to target\test-classes
2026-01-29 18:30:29,081 [Worker-51: Building] WARN  o.a.m.s.f.DefaultMavenResourcesFiltering - Using platform encoding (UTF-8 actually) to copy filtered resources, i.e. build is platform dependent!
2026-01-29 18:30:29,083 [Worker-51: Building] INFO  o.a.m.s.f.DefaultMavenResourcesFiltering - Copying 0 resource from src\main\resources to target\classes
2026-01-29 18:30:29,084 [Worker-51: Building] WARN  o.a.m.s.f.DefaultMavenResourcesFiltering - Using platform encoding (UTF-8 actually) to copy filtered resources, i.e. build is platform dependent!
2026-01-29 18:30:29,086 [Worker-51: Building] INFO  o.a.m.s.f.DefaultMavenResourcesFiltering - Copying 0 resource from src\test\resources to target\test-classes
2026-01-29 18:32:26,573 [Worker-54: Building] WARN  o.a.m.s.f.DefaultMavenResourcesFiltering - Using platform encoding (UTF-8 actually) to copy filtered resources, i.e. build is platform dependent!
2026-01-29 18:32:26,575 [Worker-54: Building] INFO  o.a.m.s.f.DefaultMavenResourcesFiltering - Copying 0 resource from src\main\resources to target\classes
2026-01-29 18:32:26,577 [Worker-54: Building] WARN  o.a.m.s.f.DefaultMavenResourcesFiltering - Using platform encoding (UTF-8 actually) to copy filtered resources, i.e. build is platform dependent!
2026-01-29 18:32:26,579 [Worker-54: Building] INFO  o.a.m.s.f.DefaultMavenResourcesFiltering - Copying 0 resource from src\test\resources to target\test-classes
2026-01-29 18:34:15,144 [Worker-55: Building] WARN  o.a.m.s.f.DefaultMavenResourcesFiltering - Using platform encoding (UTF-8 actually) to copy filtered resources, i.e. build is platform dependent!
2026-01-29 18:34:15,146 [Worker-55: Building] INFO  o.a.m.s.f.DefaultMavenResourcesFiltering - Copying 0 resource from src\main\resources to target\classes
2026-01-29 18:34:15,148 [Worker-55: Building] WARN  o.a.m.s.f.DefaultMavenResourcesFiltering - Using platform encoding (UTF-8 actually) to copy filtered resources, i.e. build is platform dependent!
2026-01-29 18:34:15,149 [Worker-55: Building] INFO  o.a.m.s.f.DefaultMavenResourcesFiltering - Copying 0 resource from src\test\resources to target\test-classes
2026-01-29 18:34:52,433 [Worker-54: Building] WARN  o.a.m.s.f.DefaultMavenResourcesFiltering - Using platform encoding (UTF-8 actually) to copy filtered resources, i.e. build is platform dependent!
2026-01-29 18:34:52,435 [Worker-54: Building] INFO  o.a.m.s.f.DefaultMavenResourcesFiltering - Copying 0 resource from src\main\resources to target\classes
2026-01-29 18:34:52,437 [Worker-54: Building] WARN  o.a.m.s.f.DefaultMavenResourcesFiltering - Using platform encoding (UTF-8 actually) to copy filtered resources, i.e. build is platform dependent!
2026-01-29 18:34:52,438 [Worker-54: Building] INFO  o.a.m.s.f.DefaultMavenResourcesFiltering - Copying 0 resource from src\test\resources to target\test-classes
2026-01-29 18:35:32,381 [Worker-55: Launching Baseclass] INFO  c.b.BrowserStackPluginActivator - The environment variables for the launch configuration are {}
2026-01-29 18:35:32,387 [Worker-55: Launching Baseclass] INFO  c.b.BrowserStackPluginActivator - The previous launch removed.
2026-01-29 18:39:20,784 [Worker-57: Launching Baseclass] INFO  c.b.BrowserStackPluginActivator - The environment variables for the launch configuration are {}
2026-01-29 18:39:20,791 [Worker-57: Launching Baseclass] INFO  c.b.BrowserStackPluginActivator - The previous launch removed.
2026-01-29 18:40:07,842 [main] INFO  c.b.a.BrowserStackPropertyTester - Testing : isBrowserStackEnabled
2026-01-29 18:40:07,842 [main] INFO  c.b.BrowserStackPluginActivator - Prefs Keys []
2026-01-29 18:40:07,844 [main] INFO  c.b.a.BrowserStackPropertyTester - Validation Result isBrowserStackEnabled : true P/FEEDBACK
2026-01-29 18:40:07,845 [main] INFO  c.b.a.BrowserStackPropertyTester - Testing : isBrowserStackDisabled
2026-01-29 18:40:07,845 [main] INFO  c.b.BrowserStackPluginActivator - Prefs Keys []
2026-01-29 18:40:07,848 [main] INFO  c.b.a.BrowserStackPropertyTester - Validation Result isBrowserStackDisabled : false P/FEEDBACK
2026-01-29 18:40:23,488 [Worker-60: Building] WARN  o.a.m.s.f.DefaultMavenResourcesFiltering - Using platform encoding (UTF-8 actually) to copy filtered resources, i.e. build is platform dependent!
2026-01-29 18:40:23,489 [Worker-60: Building] INFO  o.a.m.s.f.DefaultMavenResourcesFiltering - Copying 0 resource from src\main\resources to target\classes
2026-01-29 18:40:23,491 [Worker-60: Building] WARN  o.a.m.s.f.DefaultMavenResourcesFiltering - Using platform encoding (UTF-8 actually) to copy filtered resources, i.e. build is platform dependent!
2026-01-29 18:40:23,493 [Worker-60: Building] INFO  o.a.m.s.f.DefaultMavenResourcesFiltering - Copying 0 resource from src\test\resources to target\test-classes
2026-01-29 18:40:39,559 [main] INFO  c.b.a.BrowserStackPropertyTester - Testing : isBrowserStackEnabled
2026-01-29 18:40:39,559 [main] INFO  c.b.BrowserStackPluginActivator - Prefs Keys []
2026-01-29 18:40:39,561 [main] INFO  c.b.a.BrowserStackPropertyTester - Validation Result isBrowserStackEnabled : true P/FEEDBACK
2026-01-29 18:40:39,562 [main] INFO  c.b.a.BrowserStackPropertyTester - Testing : isBrowserStackDisabled
2026-01-29 18:40:39,562 [main] INFO  c.b.BrowserStackPluginActivator - Prefs Keys []
2026-01-29 18:40:39,564 [main] INFO  c.b.a.BrowserStackPropertyTester - Validation Result isBrowserStackDisabled : false P/FEEDBACK
2026-01-29 18:40:45,979 [Worker-60: Launching Baseclass] INFO  c.b.BrowserStackPluginActivator - The environment variables for the launch configuration are {}
2026-01-29 18:40:45,986 [Worker-60: Launching Baseclass] INFO  c.b.BrowserStackPluginActivator - The previous launch removed.
2026-01-29 18:42:03,425 [Worker-54: Building] WARN  o.a.m.s.f.DefaultMavenResourcesFiltering - Using platform encoding (UTF-8 actually) to copy filtered resources, i.e. build is platform dependent!
2026-01-29 18:42:03,428 [Worker-54: Building] INFO  o.a.m.s.f.DefaultMavenResourcesFiltering - Copying 0 resource from src\main\resources to target\classes
2026-01-29 18:42:03,430 [Worker-54: Building] WARN  o.a.m.s.f.DefaultMavenResourcesFiltering - Using platform encoding (UTF-8 actually) to copy filtered resources, i.e. build is platform dependent!
2026-01-29 18:42:03,431 [Worker-54: Building] INFO  o.a.m.s.f.DefaultMavenResourcesFiltering - Copying 0 resource from src\test\resources to target\test-classes
2026-01-29 18:44:10,585 [Worker-61: Building] WARN  o.a.m.s.f.DefaultMavenResourcesFiltering - Using platform encoding (UTF-8 actually) to copy filtered resources, i.e. build is platform dependent!
2026-01-29 18:44:10,587 [Worker-61: Building] INFO  o.a.m.s.f.DefaultMavenResourcesFiltering - Copying 0 resource from src\main\resources to target\classes
2026-01-29 18:44:10,589 [Worker-61: Building] WARN  o.a.m.s.f.DefaultMavenResourcesFiltering - Using platform encoding (UTF-8 actually) to copy filtered resources, i.e. build is platform dependent!
2026-01-29 18:44:10,590 [Worker-61: Building] INFO  o.a.m.s.f.DefaultMavenResourcesFiltering - Copying 0 resource from src\test\resources to target\test-classes
2026-01-29 18:44:14,432 [main] INFO  o.e.m.jdt.internal.UnitTestSupport - Updating LoginTestCases.verifyValidLogin from maven configuration
2026-01-29 18:44:15,478 [Worker-59: Launching LoginTestCases.verifyValidLogin] INFO  c.b.BrowserStackPluginActivator - The environment variables for the launch configuration are {}
2026-01-29 18:44:15,484 [Worker-59: Launching LoginTestCases.verifyValidLogin] INFO  c.b.BrowserStackPluginActivator - The previous launch removed.
2026-01-29 18:45:18,433 [Worker-58: Building] WARN  o.a.m.s.f.DefaultMavenResourcesFiltering - Using platform encoding (UTF-8 actually) to copy filtered resources, i.e. build is platform dependent!
2026-01-29 18:45:18,435 [Worker-58: Building] INFO  o.a.m.s.f.DefaultMavenResourcesFiltering - Copying 0 resource from src\main\resources to target\classes
2026-01-29 18:45:18,436 [Worker-58: Building] WARN  o.a.m.s.f.DefaultMavenResourcesFiltering - Using platform encoding (UTF-8 actually) to copy filtered resources, i.e. build is platform dependent!
2026-01-29 18:45:18,438 [Worker-58: Building] INFO  o.a.m.s.f.DefaultMavenResourcesFiltering - Copying 0 resource from src\test\resources to target\test-classes
2026-01-29 18:45:28,492 [main] INFO  o.e.m.jdt.internal.UnitTestSupport - Updating LoginTestCases from maven configuration
2026-01-29 18:45:28,496 [Worker-63: Launching LoginTestCases] INFO  c.b.BrowserStackPluginActivator - The environment variables for the launch configuration are {}
2026-01-29 18:45:28,501 [Worker-63: Launching LoginTestCases] INFO  c.b.BrowserStackPluginActivator - The previous launch removed.
2026-01-29 18:48:22,841 [Worker-66: Building] WARN  o.a.m.s.f.DefaultMavenResourcesFiltering - Using platform encoding (UTF-8 actually) to copy filtered resources, i.e. build is platform dependent!
2026-01-29 18:48:22,843 [Worker-66: Building] INFO  o.a.m.s.f.DefaultMavenResourcesFiltering - Copying 0 resource from src\main\resources to target\classes
2026-01-29 18:48:22,845 [Worker-66: Building] WARN  o.a.m.s.f.DefaultMavenResourcesFiltering - Using platform encoding (UTF-8 actually) to copy filtered resources, i.e. build is platform dependent!
2026-01-29 18:48:22,846 [Worker-66: Building] INFO  o.a.m.s.f.DefaultMavenResourcesFiltering - Copying 0 resource from src\test\resources to target\test-classes
2026-01-29 18:48:41,839 [Worker-64: Launching LoginTestCases] INFO  c.b.BrowserStackPluginActivator - The environment variables for the launch configuration are {}
2026-01-29 18:48:41,846 [Worker-64: Launching LoginTestCases] INFO  c.b.BrowserStackPluginActivator - The previous launch removed.
2026-01-29 18:53:48,710 [Worker-58: Launching LoginTestCases] INFO  c.b.BrowserStackPluginActivator - The environment variables for the launch configuration are {}
2026-01-29 18:53:48,715 [Worker-58: Launching LoginTestCases] INFO  c.b.BrowserStackPluginActivator - The previous launch removed.
2026-01-29 18:53:51,434 [Worker-58: Launching LoginTestCases] WARN  o.a.m.s.f.DefaultMavenResourcesFiltering - Using platform encoding (UTF-8 actually) to copy filtered resources, i.e. build is platform dependent!
2026-01-29 18:53:51,436 [Worker-58: Launching LoginTestCases] INFO  o.a.m.s.f.DefaultMavenResourcesFiltering - Copying 0 resource from src\main\resources to target\classes
2026-01-29 18:53:51,438 [Worker-58: Launching LoginTestCases] WARN  o.a.m.s.f.DefaultMavenResourcesFiltering - Using platform encoding (UTF-8 actually) to copy filtered resources, i.e. build is platform dependent!
2026-01-29 18:53:51,439 [Worker-58: Launching LoginTestCases] INFO  o.a.m.s.f.DefaultMavenResourcesFiltering - Copying 0 resource from src\test\resources to target\test-classes
2026-01-29 18:56:35,465 [Worker-68: Building] WARN  o.a.m.s.f.DefaultMavenResourcesFiltering - Using platform encoding (UTF-8 actually) to copy filtered resources, i.e. build is platform dependent!
2026-01-29 18:56:35,467 [Worker-68: Building] INFO  o.a.m.s.f.DefaultMavenResourcesFiltering - Copying 0 resource from src\main\resources to target\classes
2026-01-29 18:56:35,469 [Worker-68: Building] WARN  o.a.m.s.f.DefaultMavenResourcesFiltering - Using platform encoding (UTF-8 actually) to copy filtered resources, i.e. build is platform dependent!
2026-01-29 18:56:35,470 [Worker-68: Building] INFO  o.a.m.s.f.DefaultMavenResourcesFiltering - Copying 0 resource from src\test\resources to target\test-classes
2026-01-29 18:56:42,435 [Worker-71: Launching LoginTestCases] INFO  c.b.BrowserStackPluginActivator - The environment variables for the launch configuration are {}
2026-01-29 18:56:42,441 [Worker-71: Launching LoginTestCases] INFO  c.b.BrowserStackPluginActivator - The previous launch removed.
2026-01-29 18:59:10,344 [Worker-72: Building] WARN  o.a.m.s.f.DefaultMavenResourcesFiltering - Using platform encoding (UTF-8 actually) to copy filtered resources, i.e. build is platform dependent!
2026-01-29 18:59:10,346 [Worker-72: Building] INFO  o.a.m.s.f.DefaultMavenResourcesFiltering - Copying 0 resource from src\main\resources to target\classes
2026-01-29 18:59:10,348 [Worker-72: Building] WARN  o.a.m.s.f.DefaultMavenResourcesFiltering - Using platform encoding (UTF-8 actually) to copy filtered resources, i.e. build is platform dependent!
2026-01-29 18:59:10,350 [Worker-72: Building] INFO  o.a.m.s.f.DefaultMavenResourcesFiltering - Copying 0 resource from src\test\resources to target\test-classes
2026-01-29 18:59:47,013 [Worker-71: Building] WARN  o.a.m.s.f.DefaultMavenResourcesFiltering - Using platform encoding (UTF-8 actually) to copy filtered resources, i.e. build is platform dependent!
2026-01-29 18:59:47,015 [Worker-71: Building] INFO  o.a.m.s.f.DefaultMavenResourcesFiltering - Copying 0 resource from src\main\resources to target\classes
2026-01-29 18:59:47,016 [Worker-71: Building] WARN  o.a.m.s.f.DefaultMavenResourcesFiltering - Using platform encoding (UTF-8 actually) to copy filtered resources, i.e. build is platform dependent!
2026-01-29 18:59:47,018 [Worker-71: Building] INFO  o.a.m.s.f.DefaultMavenResourcesFiltering - Copying 0 resource from src\test\resources to target\test-classes
2026-01-29 18:59:52,186 [Worker-71: Launching LoginTestCases] INFO  c.b.BrowserStackPluginActivator - The environment variables for the launch configuration are {}
2026-01-29 18:59:52,191 [Worker-71: Launching LoginTestCases] INFO  c.b.BrowserStackPluginActivator - The previous launch removed.
2026-01-29 19:01:16,601 [Worker-74: Building] WARN  o.a.m.s.f.DefaultMavenResourcesFiltering - Using platform encoding (UTF-8 actually) to copy filtered resources, i.e. build is platform dependent!
2026-01-29 19:01:16,603 [Worker-74: Building] INFO  o.a.m.s.f.DefaultMavenResourcesFiltering - Copying 0 resource from src\main\resources to target\classes
2026-01-29 19:01:16,605 [Worker-74: Building] WARN  o.a.m.s.f.DefaultMavenResourcesFiltering - Using platform encoding (UTF-8 actually) to copy filtered resources, i.e. build is platform dependent!
2026-01-29 19:01:16,606 [Worker-74: Building] INFO  o.a.m.s.f.DefaultMavenResourcesFiltering - Copying 0 resource from src\test\resources to target\test-classes
2026-01-29 19:01:40,250 [Worker-74: Launching LoginTestCases] INFO  c.b.BrowserStackPluginActivator - The environment variables for the launch configuration are {}
2026-01-29 19:01:40,257 [Worker-74: Launching LoginTestCases] INFO  c.b.BrowserStackPluginActivator - The previous launch removed.
2026-01-29 19:02:28,516 [Worker-72: Building] WARN  o.a.m.s.f.DefaultMavenResourcesFiltering - Using platform encoding (UTF-8 actually) to copy filtered resources, i.e. build is platform dependent!
2026-01-29 19:02:28,518 [Worker-72: Building] INFO  o.a.m.s.f.DefaultMavenResourcesFiltering - Copying 0 resource from src\main\resources to target\classes
2026-01-29 19:02:28,519 [Worker-72: Building] WARN  o.a.m.s.f.DefaultMavenResourcesFiltering - Using platform encoding (UTF-8 actually) to copy filtered resources, i.e. build is platform dependent!
2026-01-29 19:02:28,521 [Worker-72: Building] INFO  o.a.m.s.f.DefaultMavenResourcesFiltering - Copying 0 resource from src\test\resources to target\test-classes
2026-01-29 19:02:31,992 [Worker-75: Launching LoginTestCases] INFO  c.b.BrowserStackPluginActivator - The environment variables for the launch configuration are {}
2026-01-29 19:02:31,997 [Worker-75: Launching LoginTestCases] INFO  c.b.BrowserStackPluginActivator - The previous launch removed.
2026-01-29 19:12:51,855 [Worker-76: Building] WARN  o.a.m.s.f.DefaultMavenResourcesFiltering - Using platform encoding (UTF-8 actually) to copy filtered resources, i.e. build is platform dependent!
2026-01-29 19:12:51,859 [Worker-76: Building] INFO  o.a.m.s.f.DefaultMavenResourcesFiltering - Copying 0 resource from src\main\resources to target\classes
2026-01-29 19:12:51,864 [Worker-76: Building] WARN  o.a.m.s.f.DefaultMavenResourcesFiltering - Using platform encoding (UTF-8 actually) to copy filtered resources, i.e. build is platform dependent!
2026-01-29 19:12:51,868 [Worker-76: Building] INFO  o.a.m.s.f.DefaultMavenResourcesFiltering - Copying 0 resource from src\test\resources to target\test-classes
2026-01-29 19:12:52,583 [Framework stop - Equinox Container: 964be737-c510-4437-871a-18edef1880af] INFO  c.b.BrowserStackPluginActivator - Stopping BrowserStack Plugin...
2026-01-30 10:25:05,111 [Worker-0: Loading available Gradle versions] INFO  o.e.b.c.i.u.g.PublishedGradleVersions - Gradle version information cache is up-to-date. Trying to read.
2026-01-30 10:25:05,786 [Worker-9: Executing the early startup extensions] INFO  c.b.BrowserStackPluginActivator - Starting BrowserStack Plugin...
